<?xml version="1.0" encoding="UTF-8"?>
<testsuite xmlns:xsi="http://www.w3.org/2001/XMLSchema-instance" xsi:noNamespaceSchemaLocation="https://maven.apache.org/surefire/maven-surefire-plugin/xsd/surefire-test-report-3.0.xsd" version="3.0" name="com.yoshio3.MyprojectApplicationTests" time="3.996" tests="1" errors="0" skipped="0" failures="0">
  <properties>
[...]
</properties>
  <testcase name="contextLoads" classname="com.yoshio3.MyprojectApplicationTests" time="0.864">
    <system-out><![CDATA[10:33:44.688 [main] INFO org.springframework.test.context.support.AnnotationConfigContextLoaderUtils -- Could not detect default configuration classes for test class [com.yoshio3.MyprojectApplicationTests]: MyprojectApplicationTests does not declare any static, non-private, non-final, nested classes annotated with @Configuration.
10:33:44.821 [main] INFO org.springframework.boot.test.context.SpringBootTestContextBootstrapper -- Found @SpringBootConfiguration com.yoshio3.MyprojectApplication for test class com.yoshio3.MyprojectApplicationTests

  .   ____          _            __ _ _
 /\\ / ___'_ __ _ _(_)_ __  __ _ \ \ \ \
( ( )\___ | '_ | '_| | '_ \/ _` | \ \ \ \
 \\/  ___)| |_)| | | | | || (_| |  ) ) ) )
  '  |____| .__|_| |_|_| |_\__, | / / / /
 =========|_|==============|___/=/_/_/_/

 :: Spring Boot ::                (v3.3.3)

2024-10-27 10:33:45 [main] INFO  c.yoshio3.MyprojectApplicationTests - Starting MyprojectApplicationTests using Java 21.0.5 with PID 15200 (started by kaota in D:\Work\JJUG\Secure-OpenAI-Java-App-on-Azure-Container-Apps)
2024-10-27 10:33:45 [main] INFO  c.yoshio3.MyprojectApplicationTests - No active profile set, falling back to 1 default profile: "default"
2024-10-27 10:33:47 [main] INFO  c.yoshio3.MyprojectApplicationTests - Started MyprojectApplicationTests in 2.64 seconds (process running for 3.728)
]]></system-out>
    <system-err><![CDATA[WARNING: A Java agent has been loaded dynamically (C:\Users\kaota\.m2\repository\net\bytebuddy\byte-buddy-agent\1.14.19\byte-buddy-agent-1.14.19.jar)
WARNING: If a serviceability tool is in use, please run with -XX:+EnableDynamicAgentLoading to hide this warning
WARNING: If a serviceability tool is not in use, please run with -Djdk.instrument.traceUsage for more information
WARNING: Dynamic loading of agents will be disallowed by default in a future release
]]></system-err>
  </testcase>
</testsuite>